2018-08-06 20:12:11,810 INFO m.App [main] Checking free input Input 5:DVBInput
2018-08-06 20:12:11,838 INFO m.App [main] Input 5:DVBInput is currently free.
2018-08-06 20:12:23,036 INFO m.App [main] Watching channel Quest
2018-08-06 20:12:29,156 INFO m.App [main] Watching channel CFTO
2018-08-06 20:12:35,196 INFO m.App [main] Watching channel CIII-HD
2018-08-06 20:12:41,339 INFO m.App [main] Watching channel CIII-SD
2018-08-06 20:12:47,482 INFO m.App [main] Watching channel WUTV
2018-08-06 20:12:53,355 INFO m.App [main] Watching channel TBD
2018-08-06 20:12:59,359 INFO m.App [main] Watching channel CHARGE
2018-08-06 20:13:05,502 INFO m.App [main] Watching channel WNLO-HD
2018-08-06 20:13:12,669 INFO m.App [main] Watching channel Bounce
2018-08-06 20:13:18,709 INFO m.App [main] Watching channel LAFF
2018-08-06 20:13:24,750 INFO m.App [main] Watching channel WNED-HD
2018-08-06 20:13:30,893 INFO m.App [main] Watching channel MyTV
2018-08-06 20:13:37,036 INFO m.App [main] Watching channel Think
2018-08-06 20:13:43,180 INFO m.App [main] Watching channel STADIUM
2018-08-06 20:13:49,220 INFO m.App [main] Watching channel CometTV
2018-08-06 20:13:55,261 INFO m.App [main] Watching channel GET TV
2018-08-06 20:14:01,404 INFO m.App [main] Watching channel TORONTO CBLT-DT
2018-08-06 20:14:08,572 INFO m.App [main] Watching channel ONTARIO CBLFT-DT
2018-08-06 20:14:14,510 INFO m.App [main] Watching channel CITYTV
2018-08-06 20:14:20,653 INFO m.App [main] Watching channel TVO
2018-08-06 20:14:27,821 INFO m.App [main] Watching channel ION
2018-08-06 20:14:33,698 INFO m.App [main] Watching channel qubo
2018-08-06 20:14:39,697 INFO m.App [main] Watching channel WIVB-HD
2018-08-06 20:14:45,841 INFO m.App [main] Watching channel IONLife
2018-08-06 20:14:51,880 INFO m.App [main] Watching channel Shop
2018-08-06 20:14:57,922 INFO m.App [main] Watching channel QVC
2018-08-06 20:15:03,943 INFO m.App [main] Watching channel HSN
2018-08-06 20:15:10,004 INFO m.App [main] Watching channel WKBW-HD
2018-08-06 20:15:17,171 INFO m.App [main] Watching channel LAFF
2018-08-06 20:15:24,338 INFO m.App [main] Watching channel ESCAPE
2018-08-06 20:15:30,482 INFO m.App [main] Watching channel Grit
2018-08-06 20:15:36,420 INFO m.App [main] Watching channel CIII-HD
2018-08-06 20:15:42,296 INFO m.App [main] Watching channel CIII-SD
2018-08-06 20:15:48,502 INFO m.App [main] Watching channel CJMT
2018-08-06 20:15:54,421 INFO m.App [main] Watching channel WGRZ-HD
2018-08-06 20:16:00,319 INFO m.App [main] Watching channel WGRZ2-2
2018-08-06 20:16:06,522 INFO m.App [main] Watching channel WGRZ2-3
2018-08-06 20:16:13,690 INFO m.App [main] Watching channel CFMT
